2023-12-30	20:46:13	f66e57fa-0bb5-48d0-b6ef-35bcb06bd7de	Error: Not Allowed by CORS	GET	/user/all	http://127.0.0.1:3000
2023-12-31	13:43:07	7b60366a-0516-4506-81db-37b36e0f5003	SyntaxError: Expected ',' or '}' after property value in JSON at position 133 (line 7 column 9)	POST	/mealplan	undefined
2023-12-31	14:00:27	fca3a484-b828-4b06-87b9-c2c05ebe0fd0	SqliteError: no such table: recipes	GET	/mealplan/user/1	undefined
2023-12-31	18:03:08	b17bd02c-4e90-4d24-be51-67936e008a1f	Error: Not Allowed by CORS	OPTIONS	/auth/login	http://192.168.1.76:3000
2023-12-31	18:05:28	cf49ba23-3863-4dc7-a6ed-04183f9b254f	TypeError: origin.startswith is not a function	OPTIONS	/auth/login	http://192.168.1.76:3000
2024-01-03	16:14:54	61e8f5ed-ff02-43ee-9a87-616bca5d5986	Error: Not Allowed by CORS	OPTIONS	/auth	http://localhost:3001
2024-01-03	16:23:58	49fba513-2d4d-43ac-bed4-30bbbba74897	TypeError: Cannot read properties of undefined (reading 'monday_breakfast')	GET	/mealplan/user/undefined/active	http://localhost:3000
2024-01-03	17:20:46	867433a0-199b-48c3-a5fc-331e4f3754d1	TypeError: Cannot read properties of undefined (reading 'monday_breakfast')	GET	/mealplan/user/undefined/active	http://localhost:3000
2024-01-03	17:22:39	4d2dc940-4afa-4477-9470-841163ce60ca	TypeError: Cannot read properties of undefined (reading 'monday_breakfast')	GET	/mealplan/user/undefined/active	http://localhost:3000
2024-01-03	17:23:18	13a854d0-e604-408e-9277-6eebe78a3239	TypeError: Cannot read properties of undefined (reading 'monday_breakfast')	GET	/mealplan/user/undefined/active	http://localhost:3000
2024-01-03	17:25:37	9144fcb0-b6bd-4858-8ffc-974dec342ccb	TypeError: Cannot read properties of undefined (reading 'monday_breakfast')	GET	/mealplan/user/undefined/active	http://localhost:3000
2024-01-03	17:28:22	486c0333-005f-4448-b885-9ed778a32ddb	TypeError: Cannot read properties of undefined (reading 'monday_breakfast')	GET	/mealplan/user/undefined/active	http://localhost:3000
2024-01-03	17:29:25	237b512c-c45e-4e65-9ab2-57f7d915eeda	TypeError: Cannot read properties of undefined (reading 'monday_breakfast')	GET	/mealplan/user/undefined/active	http://localhost:3000
2024-01-03	17:31:34	61551054-0bd4-40f4-8dcf-e394698ad0f3	TypeError: Cannot read properties of undefined (reading 'monday_breakfast')	GET	/mealplan/user/undefined/active	http://localhost:3000
2024-01-03	17:33:40	0e612f28-c6cf-43a6-b5a7-0c58e898c814	TypeError: Cannot read properties of undefined (reading 'monday_breakfast')	GET	/mealplan/user/undefined/active	http://localhost:3000
2024-01-03	17:46:20	9a283c22-6d92-4d33-aaf0-a02b04f2b6d7	TypeError: Cannot read properties of undefined (reading 'monday_breakfast')	GET	/mealplan/user/14/active	http://localhost:3000
2024-01-03	17:46:53	514973c4-438c-4cb6-9914-6f393d80411a	TypeError: Cannot read properties of undefined (reading 'monday_breakfast')	GET	/mealplan/user/14/active	http://localhost:3000
2024-01-03	17:47:31	66ab5285-de1f-4e7c-af6a-d27c2a338d7e	TypeError: Cannot read properties of undefined (reading 'monday_breakfast')	GET	/mealplan/user/14/active	http://localhost:3000
2024-01-03	17:47:46	204a5108-da8e-454e-aea5-df84894f3bf4	TypeError: Cannot read properties of undefined (reading 'monday_breakfast')	GET	/mealplan/user/14/active	http://localhost:3000
2024-01-03	17:47:58	caf39055-5a05-40f2-aec2-b46a371e5bde	TypeError: Cannot read properties of undefined (reading 'monday_breakfast')	GET	/mealplan/user/14/active	http://localhost:3000
2024-01-03	17:48:11	94ccc1c1-baca-467f-bce0-0fb525215516	TypeError: Cannot read properties of undefined (reading 'monday_breakfast')	GET	/mealplan/user/14/active	http://localhost:3000
2024-01-03	17:48:14	427b28fc-2a41-439f-b8f4-7c4600c2a2fb	TypeError: Cannot read properties of undefined (reading 'monday_breakfast')	GET	/mealplan/user/14/active	http://localhost:3000
2024-01-03	17:48:27	c36bc6c2-d6a9-4552-bc6b-9529ef6dc90b	TypeError: Cannot read properties of undefined (reading 'monday_breakfast')	GET	/mealplan/user/14/active	http://localhost:3000
2024-01-03	17:48:29	26e8d7da-c663-48c1-a16f-207e1b8850b0	TypeError: Cannot read properties of undefined (reading 'monday_breakfast')	GET	/mealplan/user/14/active	http://localhost:3000
2024-01-03	17:48:45	0da45d2e-ed90-4f31-9c05-d259e2b75703	TypeError: Cannot read properties of undefined (reading 'monday_breakfast')	GET	/mealplan/user/14/active	http://localhost:3000
2024-01-03	17:49:03	f10a87d5-2eb2-4f1b-aed4-1ce55e2a9573	TypeError: Cannot read properties of undefined (reading 'monday_breakfast')	GET	/mealplan/user/14/active	http://localhost:3000
2024-01-03	17:49:12	b80b552f-1fa4-4254-94c9-1683ae7f78e1	TypeError: Cannot read properties of undefined (reading 'monday_breakfast')	GET	/mealplan/user/14/active	http://localhost:3000
2024-01-03	17:49:49	6b19f430-a4c0-43b7-8e89-d738fec0fd91	TypeError: Cannot read properties of undefined (reading 'monday_breakfast')	GET	/mealplan/user/14/active	http://localhost:3000
2024-01-03	17:54:17	c23444f2-6115-45b6-9412-524b7b953879	TypeError: Cannot read properties of undefined (reading 'monday_breakfast')	GET	/mealplan/user/14/active	http://localhost:3000
2024-01-03	17:55:37	d2095b65-e44d-4ef5-b05a-90f969b123a0	TypeError: Cannot read properties of undefined (reading 'monday_breakfast')	GET	/mealplan/user/14/active	http://localhost:3000
2024-01-05	21:40:50	aa4c816e-3efe-47c0-939e-54b06cd29364	Error: data must be a string or Buffer and hash must be a string	POST	/auth/login	http://localhost:3000
2024-01-08	17:59:43	c1bdfa1a-7bea-4d42-b870-1df519872f70	SqliteError: near "WHERE": syntax error	GET	/user/1	http://localhost:3000
2024-01-08	18:06:36	7b0b9e8f-36d9-474f-9d07-b3bc5ebd0313	SqliteError: incomplete input	GET	/user/1	http://localhost:3000
2024-01-08	18:06:56	f002dfd8-9c01-47a1-b801-be156cfd0357	SqliteError: no such column: ,	GET	/user/1	http://localhost:3000
2024-01-08	19:53:17	c2f129e2-a214-41cc-b1a0-fade214f2f9f	SqliteError: no such column: %?%	POST	/recipe/ingredients	http://localhost:3000
2024-01-08	19:53:25	39add940-b1da-4ece-9b62-f28d6f4ccaf7	SqliteError: no such column: %?%	POST	/recipe/ingredients	http://localhost:3000
2024-01-08	19:54:17	55d09d7d-dc30-458c-b25e-f554fe219acd	RangeError: Too many parameter values were provided	POST	/recipe/ingredients	http://localhost:3000
2024-01-08	19:54:37	13209cb8-e961-4681-bbef-7be7a07944de	RangeError: Too many parameter values were provided	POST	/recipe/ingredients	http://localhost:3000
2024-01-08	21:17:17	b765a302-e325-425e-b21a-5864706a804c	ReferenceError: ingredientIDs is not defined	POST	/recipe/ingredients	http://localhost:3000
2024-01-08	21:18:10	ee6491da-6e36-4639-b575-da9bdb97dad6	ReferenceError: ingredientIDs is not defined	POST	/recipe/ingredients	http://localhost:3000
2024-01-08	21:18:52	9165dbf5-d870-4953-938e-b7bc83da9503	ReferenceError: ingredientIDs is not defined	POST	/recipe/ingredients	http://localhost:3000
2024-01-08	21:19:13	954bd961-ab2b-4b19-8ca4-9beed4fbbc6b	TypeError: Cannot read properties of undefined (reading 'split')	POST	/recipe/ingredients	http://localhost:3000
2024-01-08	21:21:13	64477924-67fd-45a4-b545-a4f17680c6d1	TypeError: Cannot read properties of undefined (reading 'split')	GET	/user/1	http://localhost:3000
2024-01-08	21:21:45	0c0d43ac-3491-468d-a34b-1be8e6c5989e	TypeError: Cannot read properties of undefined (reading 'split')	GET	/user/1	http://localhost:3000
2024-01-08	21:22:19	85f54b9b-4b40-4564-9a81-985290e87d51	TypeError: Cannot read properties of undefined (reading 'split')	GET	/user/1	http://localhost:3000
2024-01-10	20:35:25	199369d5-6416-4c3d-a74e-9a07b5e02e98	ReferenceError: ids is not defined	POST	/recipe/search	http://localhost:3000
2024-01-10	20:54:41	d74bcc45-bfe4-432c-9289-58e69eac4f0c	SqliteError: near "LIMIT": syntax error	POST	/recipe/search	http://localhost:3000
2024-01-10	20:54:57	e6533940-88ca-402d-b850-d6eca5db1d96	SqliteError: near "LIMIT": syntax error	POST	/recipe/search	http://localhost:3000
2024-01-10	20:55:28	8ee61d56-a669-472d-b0d5-37a9e8252a5b	SqliteError: near "LIMIT": syntax error	POST	/recipe/search	http://localhost:3000
2024-01-10	21:01:25	3bb072de-fe1b-42a3-ab18-a14c0ebc9d94	SqliteError: near "CONTAINS": syntax error	POST	/recipe/search	http://localhost:3000
2024-01-10	21:02:08	7e49b522-25b9-4df5-a976-43e791be37c5	SqliteError: near "INCLUDES": syntax error	POST	/recipe/search	http://localhost:3000
2024-01-10	21:02:33	43b69a2c-410a-43a0-9438-d5f35fd508a2	SqliteError: near "INCLUDES": syntax error	POST	/recipe/search	http://localhost:3000
2024-01-10	21:04:47	d2b6d05a-dbfc-4efe-8215-454d8f170a10	SqliteError: near "INCLUDES": syntax error	POST	/recipe/search	http://localhost:3000
2024-01-10	21:04:55	ff2cf304-b478-4454-ac46-88fc0c00d001	SqliteError: near "INCLUDES": syntax error	POST	/recipe/search	http://localhost:3000
2024-01-10	21:05:19	2c673c6a-67c1-4e33-b196-006b74a3f28b	SqliteError: no such column: loss	POST	/recipe/search	http://localhost:3000
2024-01-10	21:07:20	ce76eb6b-e841-40af-9e11-46e3178b6fcd	ReferenceError: title is not defined	POST	/recipe/search	http://localhost:3000
2024-01-10	21:47:53	871797ce-7b3a-46fb-88ce-f4143409352d	SqliteError: near "d": syntax error	POST	/recipe/search	http://localhost:3000
2024-01-10	21:49:26	50b8a36c-c8c4-4ad1-9218-4b153f302076	SqliteError: near "LIMIT": syntax error	POST	/recipe/search	http://localhost:3000
2024-01-10	21:50:50	9bc14525-7c0c-4fba-9a8f-dc7b4caa4929	SqliteError: near "LIMIT": syntax error	POST	/recipe/search	http://localhost:3000
2024-01-10	21:51:15	92c4756f-b584-49c2-9975-b2d25b089924	SqliteError: near "LIMIT": syntax error	POST	/recipe/search	http://localhost:3000
2024-01-10	21:51:52	b33c60a5-8f22-44b8-beab-c6b67fe28134	SqliteError: near "LIMIT": syntax error	POST	/recipe/search	http://localhost:3000
2024-01-10	21:53:44	a191ee96-df61-40f2-957b-b9cc1ecec78d	SqliteError: near "LIMIT": syntax error	POST	/recipe/search	http://localhost:3000
2024-01-10	21:53:45	08c14dd6-a77f-4031-9973-cd52a03963e7	SqliteError: near "LIMIT": syntax error	POST	/recipe/search	http://localhost:3000
2024-01-10	22:39:15	b289d653-b67c-405d-9c56-c04d09bf4182	SqliteError: no such column: recipeCategory.cuisineID	POST	/recipe/search	http://localhost:3000
2024-01-10	22:39:17	7bf933b1-0323-433a-a65a-acc16e66dcc0	SqliteError: no such column: recipeCategory.cuisineID	POST	/recipe/search	http://localhost:3000
2024-01-10	22:39:17	7caf695b-d5ff-4883-80fe-92af01ec9b01	SqliteError: no such column: recipeCategory.cuisineID	POST	/recipe/search	http://localhost:3000
2024-01-10	22:39:17	8173457c-0fb2-48b6-a57d-2098e3b9ea17	SqliteError: no such column: recipeCategory.cuisineID	POST	/recipe/search	http://localhost:3000
2024-01-11	17:48:48	8381b416-19ff-4a15-aac3-b2c9e08aab5c	SqliteError: near "*": syntax error	POST	/recipe/search	http://localhost:3000
2024-01-11	17:48:48	a8c65698-b0f8-4b15-9f94-5b31dcb6028b	SqliteError: near "*": syntax error	POST	/recipe/search	http://localhost:3000
2024-01-11	21:10:56	daddd9e5-2db0-4365-844d-791b309e5c9c	SqliteError: no such column: website	POST	/recipe/data/websites	http://localhost:3000
2024-01-11	21:10:56	0bc167e1-6f08-432e-813d-b6f2aeaf8ee1	SqliteError: no such column: website	POST	/recipe/data/websites	http://localhost:3000
2024-01-12	19:33:12	9f1cf9bc-cd8f-45c4-8b45-3031b97f44cd	TypeError: Cannot convert undefined or null to object	PATCH	/user/1	http://localhost:3000
2024-01-12	20:33:54	cdfff2d4-5cf8-4650-9b1a-6f3be947da62	TypeError: Cannot convert undefined or null to object	PATCH	/user/1	http://localhost:3000
2024-01-12	20:35:15	c5f4357e-6f10-45f9-9f53-347e5b2fbc1b	TypeError: Cannot convert undefined or null to object	PATCH	/user/1	http://localhost:3000
2024-01-12	20:35:37	3986cca5-0dc3-437c-8579-c4b8dd042986	TypeError: Cannot convert undefined or null to object	PATCH	/user/1	http://localhost:3000
2024-01-12	20:36:45	7836cd6e-9946-454f-a6f9-56b2c199f717	TypeError: Cannot convert undefined or null to object	PATCH	/user/1	http://localhost:3000
2024-01-12	20:37:31	c5cae23f-496d-4e83-bdb9-eab927197310	SqliteError: near ",": syntax error	PATCH	/user/1	http://localhost:3000
2024-01-12	20:41:29	e023b9a1-a35a-4f06-8537-8d1bed1b2a7f	SqliteError: near ",": syntax error	PATCH	/user/1	http://localhost:3000
2024-01-12	20:41:53	68637a92-8733-4285-b56f-3bcd655bec59	TypeError: Cannot convert undefined or null to object	PATCH	/user/1	http://localhost:3000
2024-01-12	21:22:53	b49c72cd-fa6b-467e-802e-75da5cc88964	SqliteError: no such column: Nuts	PATCH	/user/1	http://localhost:3000
2024-01-12	21:24:50	3b8c79ae-de4e-4b61-afb4-0a52280e69bb	SqliteError: no such column: Nuts	PATCH	/user/1	http://localhost:3000
2024-01-12	21:25:30	70e69aec-6b1d-497e-b993-9e26c1427c04	SqliteError: no such column: Nuts	PATCH	/user/1	http://localhost:3000
2024-01-12	21:26:25	ea6bde8f-ac0e-46aa-a109-6aed380cde4c	SqliteError: no such column: Nuts	PATCH	/user/1	http://localhost:3000
2024-01-12	21:26:48	a7415077-1bfa-488e-8d6d-39261f868430	SqliteError: no such column: Nuts	PATCH	/user/1	http://localhost:3000
2024-01-13	14:29:11	1b2eb0dd-79d2-4b77-9323-bd22e813774a	TypeError: res.statis is not a function	POST	/recipe/search	http://localhost:3000
2024-01-13	20:25:40	b55e12ea-443b-4a15-afe8-d0c37d4ad05c	SqliteError: near "SQL": syntax error	POST	/recipe/search	http://localhost:3000
2024-01-13	20:27:34	e04cdb66-27a5-487a-a4d6-503ae10070a2	SqliteError: near "SQL": syntax error	POST	/recipe/search	http://localhost:3000
2024-01-13	20:28:34	8f0eb86f-fac1-412e-b6b4-4e4becf1cde0	SqliteError: near "SQL": syntax error	POST	/recipe/search	http://localhost:3000
2024-01-13	20:29:34	3d7915b0-6a23-448a-9dac-96026b92df47	TypeError: key.isArray is not a function	POST	/recipe/search	http://localhost:3000
2024-01-13	20:30:01	a093f36a-e2e8-4456-a7ea-2f04679304ad	SqliteError: near "SQL": syntax error	POST	/recipe/search	http://localhost:3000
2024-01-13	20:30:42	c67b14c7-80fb-43e7-a0b4-e963efaa2897	SqliteError: near "SQL": syntax error	POST	/recipe/search	http://localhost:3000
2024-01-13	20:30:56	078d5ec5-9cb1-4636-aa36-683c97b44566	SqliteError: near "SQL": syntax error	POST	/recipe/search	http://localhost:3000
2024-01-13	20:32:40	d22992f9-7961-44a3-9f1a-7b418e8f1a75	SqliteError: near "SQL": syntax error	POST	/recipe/search	http://localhost:3000
2024-01-13	20:33:22	53baf087-52de-429e-80ce-138ca7347a7c	SqliteError: near "SQL": syntax error	POST	/recipe/search	http://localhost:3000
2024-01-13	20:34:29	56301009-5fb3-439f-8250-e1849a374e1a	SqliteError: unrecognized token: ":"	POST	/recipe/search	http://localhost:3000
2024-01-14	19:41:35	cfaa0888-4c40-4147-bff0-54ef0dda4e20	SqliteError: FOREIGN KEY constraint failed	POST	/recipe/user/undefined/saved	http://localhost:3000
2024-01-14	19:43:17	c5f92e0f-9d36-4807-9623-e331ad6f7ac2	SqliteError: FOREIGN KEY constraint failed	POST	/recipe/user/undefined/saved	http://localhost:3000
2024-01-15	10:13:30	2664c8d5-a19d-486f-beaf-2a7a2628d7cb	SqliteError: FOREIGN KEY constraint failed	POST	/user/tags/1	https://improved-zebra-pq7qgpqgrgq3rjqw-3000.app.github.dev
2024-01-15	10:36:02	096da5cd-491b-4710-b89e-84ffd0652b52	TypeError: Cannot read properties of undefined (reading 'userID')	DELETE	/user/tags/1	https://improved-zebra-pq7qgpqgrgq3rjqw-3000.app.github.dev
2024-01-15	12:52:36	c4bb61c2-b1ea-478b-8654-2361f670580f	SqliteError: near "WHERE": syntax error	GET	/test	undefined
2024-01-15	19:42:04	57309019-62e0-428d-a91a-fdc3d3189539	SqliteError: no such column: recipe.rating	POST	/recipe/fromingredients	http://localhost:3000
2024-01-17	17:54:31	0df39e2c-af08-4070-bf82-d491e9f6722d	SqliteError: near "false": syntax error	POST	/recipe/search	http://localhost:3000
2024-01-19	19:27:51	aae8a40d-a6eb-47f1-a3b1-a65a3652eb96	SqliteError: FOREIGN KEY constraint failed	PATCH	/mealplan/user/1/3	http://localhost:3000
2024-01-19	19:28:22	99bceaed-9001-4dee-b803-06793cd481b8	SqliteError: FOREIGN KEY constraint failed	PATCH	/mealplan/user/1/3	http://localhost:3000
2024-01-19	19:28:36	460715cd-be4b-4f60-a40e-7e25932341d5	SqliteError: FOREIGN KEY constraint failed	PATCH	/mealplan/user/1/3	http://localhost:3000
2024-01-23	14:45:14	c9d1733b-3e42-4775-ac32-b4b76a44760a	SqliteError: no such table: user__saved_recipes	GET	/test/test	undefined
2024-01-23	14:51:37	5d0adb06-1738-419a-a079-8c01771f9859	SqliteError: ambiguous column name: tagID	GET	/recipe/20	https://improved-zebra-pq7qgpqgrgq3rjqw-3000.app.github.dev
2024-01-23	14:51:42	9731ba26-1164-4c32-a70f-807b4bcd991d	SqliteError: ambiguous column name: tagID	GET	/recipe/20	https://improved-zebra-pq7qgpqgrgq3rjqw-3000.app.github.dev
2024-01-24	17:11:06	06e838b6-f5ac-4c42-bce0-47b14779bd39	SqliteError: near "JOIN": syntax error	GET	/recipe/user/1/saved/1	http://localhost:3000
2024-01-24	17:11:28	2ec12968-d019-4059-b924-2cb2798c77d7	SqliteError: near "JOIN": syntax error	GET	/recipe/user/1/saved/1	http://localhost:3000
2024-01-24	17:13:00	68d89b58-b422-43b9-b5d2-c9c88dffdea7	SqliteError: near "JOIN": syntax error	GET	/recipe/user/1/saved/1	http://localhost:3000
2024-01-24	17:13:53	7890c829-cc31-49ce-82b3-f00e46d3f5b4	SqliteError: near "JOIN": syntax error	GET	/recipe/user/1/saved/1	http://localhost:3000
2024-01-24	17:14:11	d569699a-573a-44ea-9671-0463f8a74bdc	SqliteError: ambiguous column name: recipeID	GET	/recipe/user/1/saved/1	http://localhost:3000
2024-01-24	17:14:25	f196d634-c83d-4b17-af7e-c5c01896a958	SqliteError: ambiguous column name: recipeID	GET	/recipe/user/1/saved/1	http://localhost:3000
2024-01-25	18:12:00	e8682a91-96b1-49e5-87c1-5e615a23a60e	RangeError: Too few parameter values were provided	POST	/recipe/user/1/created	http://localhost:3000
2024-01-25	18:13:14	1bc341c2-aa6c-48ca-b39d-b100f16a1a11	RangeError: Too few parameter values were provided	POST	/recipe/user/1/created	http://localhost:3000
2024-01-25	18:13:32	3a3a7004-6a3f-4f49-9378-e08b619c027c	RangeError: Too few parameter values were provided	POST	/recipe/user/1/created	http://localhost:3000
2024-01-25	18:13:38	b50197e7-39ae-4a13-bf9a-90cac01bbe44	TypeError: SQLite3 can only bind numbers, strings, bigints, buffers, and null	POST	/recipe/user/1/created	http://localhost:3000
2024-01-25	18:32:11	a1ade1ee-3b7f-4f8e-a5a0-3ed3c68dec8d	SqliteError: near "WHERE": syntax error	POST	/recipe/data/websites	http://localhost:3000
2024-01-25	18:32:11	a23a5b44-73f5-47cd-8048-62939525f67e	SqliteError: near "WHERE": syntax error	POST	/recipe/data/websites	http://localhost:3000
2024-01-25	18:32:31	b10e5c3f-c227-4c30-aa3e-2f6d9ce8d436	SqliteError: no such column: webite	POST	/recipe/data/websites	http://localhost:3000
2024-01-25	18:32:31	ace29c87-249c-4305-b301-6815f8b189fb	SqliteError: no such column: webite	POST	/recipe/data/websites	http://localhost:3000
2024-01-25	19:11:12	0546480b-0dc4-452d-9fe0-fe083f9bb9f7	SqliteError: near "ve": syntax error	PATCH	/recipe/user/1/created	http://localhost:3000
2024-01-25	19:12:52	b68809a5-b854-4509-a885-d6b2e329d33f	SqliteError: near "ve": syntax error	PATCH	/recipe/user/1/created	http://localhost:3000
2024-01-26	09:06:57	bd8667cd-becb-4f96-9448-20aaaff3ed32	RangeError: The supplied SQL string contains no statements	GET	/test/test	undefined
2024-01-26	09:07:25	fea9c9d3-3d0f-40f9-8e6c-eea13e277172	RangeError: The supplied SQL string contains no statements	GET	/test/test	undefined
2024-01-26	09:08:29	3f5a613c-292d-4b78-914d-8cb90b15850b	RangeError: The supplied SQL string contains no statements	GET	/test/test	undefined
2024-01-26	09:08:43	2b5c2a6a-a724-498c-9f58-51406b5012cb	TypeError: recipeIDS.filter is not a function	GET	/test/test	undefined
2024-01-26	09:09:02	f20ecc40-d149-4944-a443-390aee6ae4fa	TypeError: recipeIDS.map is not a function	GET	/test/test	undefined
2024-01-26	09:09:56	c64b1221-3c45-41bd-9008-e0f172e72d82	RangeError: The supplied SQL string contains no statements	GET	/test/test	undefined
2024-01-26	09:23:25	b2794e68-5fd1-40dd-8b74-6bad0879501d	SqliteError: near ".": syntax error	GET	/test/test	undefined
2024-01-26	09:23:43	c517bb2d-3c55-4f24-b236-a0073b2c9db6	SqliteError: near ".": syntax error	GET	/test/test	undefined
2024-01-26	09:24:16	523278f2-e828-4aca-90ff-f16f31a35889	SqliteError: near ".": syntax error	GET	/test/test	undefined
2024-01-26	09:24:36	e3c071fc-6c7e-42a0-9f9a-44936e432b33	SqliteError: near ".": syntax error	GET	/test/test	undefined
2024-01-26	19:26:04	8984a32a-4a7d-4b93-a4ed-597160213949	TypeError: Cannot read properties of undefined (reading 'userID')	DELETE	/user/tags/1	http://localhost:3000
2024-01-26	19:26:11	6753985b-4c41-4a91-bec6-77f283b31d06	TypeError: Cannot read properties of undefined (reading 'userID')	DELETE	/user/tags/1	http://localhost:3000
2024-01-26	19:26:54	3e910b1b-0e32-42fb-b4a5-791e688a36a8	TypeError: Cannot read properties of undefined (reading 'userID')	DELETE	/user/tags/1	http://localhost:3000
2024-01-27	17:17:57	6c869ab5-8370-4dc9-8928-76ca9d710470	SqliteError: near "asdasfjuihc8387fuise": syntax error	PATCH	/recipe/user/1/created	http://localhost:3000
2024-01-27	17:18:02	186c2a18-d01c-4a57-9aa2-0e373c2fd580	SqliteError: near "asdasfjuihc8387fuise": syntax error	PATCH	/recipe/user/1/created	http://localhost:3000
2024-01-27	17:19:51	5370fff2-be23-4457-af26-862e2699c855	SqliteError: unrecognized token: "```
23[p]ou45j98n237triuynxegs 98723 t45976d324584723tc87yg4
#
asdasfjuihc8387fuise ygxf 7mw4rygtc8g3wr879xg438rxui)(&&%^$$^%£', yield_number=2, author='Aragorn', instructions_list='[]', ingredient_groups='[{"ingredients":["test23","boulder","cheese"],"purpose":"user_app"}]' WHERE recipeID = ?"	PATCH	/recipe/user/1/created	http://localhost:3000
2024-01-27	17:20:00	6a20e019-8afe-4144-81ad-8375fb872500	SqliteError: near "Aragorn": syntax error	PATCH	/recipe/user/1/created	http://localhost:3000
2024-01-27	17:21:06	d874f1f5-3ccc-48c0-bc85-0667c3ba3c13	SqliteError: near "Aragorn": syntax error	PATCH	/recipe/user/1/created	http://localhost:3000
2024-01-27	17:21:27	0274c2d4-c55a-45fb-ba98-d65b2990cea9	SqliteError: near "Aragorn": syntax error	PATCH	/recipe/user/1/created	http://localhost:3000
2024-01-27	17:22:09	7e700451-183e-4b8c-8a68-337c3c7d584f	SqliteError: near "Aragorn": syntax error	PATCH	/recipe/user/1/created	http://localhost:3000
2024-01-27	17:22:31	9ac7300c-eb38-4411-ab11-aba136aa3d87	ReferenceError: description is not defined	PATCH	/recipe/user/1/created	http://localhost:3000
2024-01-27	17:22:44	520c0dd1-c9fe-4a59-961e-cb1defb4024e	ReferenceError: description is not defined	PATCH	/recipe/user/1/created	http://localhost:3000
2024-01-27	17:22:58	705ca577-28bd-49c0-ad6b-82886107d7de	ReferenceError: description is not defined	PATCH	/recipe/user/1/created	http://localhost:3000
2024-01-27	18:33:38	c99cc3e0-469f-4e4d-bf71-c09cfe7a827e	TypeError: Cannot read properties of undefined (reading 'parse')	GET	/test/test	undefined
2024-01-27	18:33:58	1f7bddfe-2159-4882-8e4a-f9a5dc8c120b	TypeError: Cannot read properties of undefined (reading 'parse')	GET	/test/test	undefined
2024-01-27	18:34:34	2fae4793-e292-4a12-95c7-e771d4c0a340	TypeError: Cannot read properties of undefined (reading 'parse')	GET	/test/test	undefined
2024-01-27	18:34:54	6a585f3f-8324-4ab3-b4d2-f2239e3f2305	TypeError: Cannot read properties of undefined (reading 'parse')	GET	/test/test	undefined
2024-01-27	18:35:31	6715dfb0-fdd8-444f-8316-e90c685a1837	TypeError: Cannot read properties of undefined (reading 'parse')	GET	/test/test	undefined
2024-01-27	21:30:17	bb0e3b3c-fe29-4d31-a3d7-c9b0494b35e6	TypeError: values.append is not a function	GET	/test/test	undefined
2024-01-27	22:09:07	7048455a-9f1d-4c55-8e9e-f229a8c0f819	TypeError: Cannot read properties of undefined (reading 'split')	GET	/mealplan/user/1/12/shoppinglist	undefined
2024-01-27	22:09:33	534cf723-f8e1-4b13-9b0b-5043c511d744	TypeError: Cannot read properties of undefined (reading 'split')	GET	/mealplan/user/1/12/shoppinglist	undefined
2024-01-27	22:14:23	cc37d45d-461d-4ba4-ba41-8da5c9a87aa5	SqliteError: near "GROUP_CONCAT": syntax error	GET	/mealplan/user/1/12/shoppinglist	undefined
2024-01-28	10:56:41	9e87a84d-e9b8-41d3-b178-db069b701abc	SqliteError: no such column: title	GET	/mealplan/user/1/undefined/shoppinglist	http://localhost:3000
2024-01-28	11:06:25	34966784-7149-4c5a-ae67-d0cff8d1c3d8	SqliteError: no such column: title	GET	/mealplan/user/1/undefined/shoppinglist	http://localhost:3000
2024-01-28	11:06:33	ff850ac1-1328-425d-a995-ade43c9a6d98	SqliteError: no such column: title	GET	/mealplan/user/1/undefined/shoppinglist	http://localhost:3000
2024-01-28	11:06:39	9c3b3b6a-5520-42eb-91b5-732a70764496	SqliteError: no such column: title	GET	/mealplan/user/1/undefined/shoppinglist	http://localhost:3000
2024-01-28	11:06:41	98a72588-15fd-4ce1-a978-c64500c7d0ee	SqliteError: no such column: title	GET	/mealplan/user/1/undefined/shoppinglist	http://localhost:3000
2024-01-28	11:07:31	546fba26-0b2f-4365-a348-3c4e4092133c	SqliteError: no such column: title	GET	/mealplan/user/1/undefined/shoppinglist	http://localhost:3000
2024-01-29	13:16:56	ccd3b4f6-7c1d-442b-bc72-0bca30548d73	Error: Cannot set headers after they are sent to the client	POST	/recipe/85/tags	https://improved-zebra-pq7qgpqgrgq3rjqw-3000.app.github.dev
2024-01-29	13:16:58	07e1a25e-2171-41e5-be4c-ac03d5b28b2b	Error: Cannot set headers after they are sent to the client	POST	/recipe/85/tags	https://improved-zebra-pq7qgpqgrgq3rjqw-3000.app.github.dev
2024-01-29	13:16:58	6c56c099-9b8b-4fb2-bbec-2a70fc382d03	Error: Cannot set headers after they are sent to the client	POST	/recipe/85/tags	https://improved-zebra-pq7qgpqgrgq3rjqw-3000.app.github.dev
2024-01-29	13:16:58	87523bc7-8134-4717-93c7-f1450d2602dd	Error: Cannot set headers after they are sent to the client	POST	/recipe/85/tags	https://improved-zebra-pq7qgpqgrgq3rjqw-3000.app.github.dev
2024-01-29	13:22:32	0c278845-1631-452a-8ef0-9583b53096d0	SqliteError: ambiguous column name: userID	GET	/recipe/20/6	https://improved-zebra-pq7qgpqgrgq3rjqw-3000.app.github.dev
2024-01-29	13:23:11	75057db0-6911-4b16-b20a-65b1281470fe	SqliteError: no such column: user_saved_recipesTags.userID	GET	/recipe/20/6	https://improved-zebra-pq7qgpqgrgq3rjqw-3000.app.github.dev
2024-01-30	14:10:32	0a242733-4d2a-45c5-a0b8-53ad647cb2ff	SqliteError: no such column: recipe.yield_count	POST	/recipe/search	https://improved-zebra-pq7qgpqgrgq3rjqw-3000.app.github.dev
2024-01-30	14:11:07	7c71dbbd-e36d-4cbe-b68d-e87ee3b81858	SqliteError: no such column: recipe.yield_count	POST	/recipe/search	https://improved-zebra-pq7qgpqgrgq3rjqw-3000.app.github.dev
2024-01-30	14:11:27	b25a32e9-a20c-4dda-9bf2-635d95225a45	SqliteError: no such column: recipe.yield_count	POST	/recipe/search	https://improved-zebra-pq7qgpqgrgq3rjqw-3000.app.github.dev
2024-01-30	14:12:00	71dd7ccd-3ddb-4fbf-849b-091a3c987abc	SqliteError: no such column: recipe.yield_count	POST	/recipe/search	https://improved-zebra-pq7qgpqgrgq3rjqw-3000.app.github.dev
2024-01-30	14:13:24	5d97beb9-7995-4959-ab8c-f167bf3ae623	SqliteError: near "WHERE": syntax error	POST	/recipe/search	https://improved-zebra-pq7qgpqgrgq3rjqw-3000.app.github.dev
2024-01-30	14:14:59	b8f0a6fa-bc98-41b4-a5e4-be3c25a9f241	SqliteError: near "WHERE": syntax error	POST	/recipe/search	https://improved-zebra-pq7qgpqgrgq3rjqw-3000.app.github.dev
2024-01-30	14:15:20	147355ea-8dff-46d7-aff9-2637e006fff4	SqliteError: near "WHERE": syntax error	POST	/recipe/search	https://improved-zebra-pq7qgpqgrgq3rjqw-3000.app.github.dev
2024-02-08	18:44:57	b4f5e7e9-4bb3-478c-a104-bfc024a47db9	SqliteError: FOREIGN KEY constraint failed	POST	/recipe/2/tags	http://localhost:3000
2024-02-08	18:45:21	f48d3c7f-1b23-4003-b86f-691334ab0462	SqliteError: FOREIGN KEY constraint failed	POST	/recipe/2/tags	http://localhost:3000
2024-02-08	18:45:24	58c2f84d-5dd3-4109-b777-96fd36ed42bc	SqliteError: FOREIGN KEY constraint failed	POST	/recipe/2/tags	http://localhost:3000
